<?xml version="1.0" encoding="UTF-8"?>
<testng-results ignored="0" total="1" passed="1" failed="0" skipped="0">
  <reporter-output>
  </reporter-output>
  <suite started-at="2024-04-14T18:01:10 IST" name="Default suite" finished-at="2024-04-14T18:01:10 IST" duration-ms="112">
    <groups>
    </groups>
    <test started-at="2024-04-14T18:01:10 IST" name="Default test" finished-at="2024-04-14T18:01:10 IST" duration-ms="112">
      <class name="streamss.Matching">
        <test-method signature="Testing1()[pri:0, instance:streamss.Matching@2b91004a]" started-at="2024-04-14T18:01:10 IST" name="Testing1" finished-at="2024-04-14T18:01:10 IST" duration-ms="30" status="PASS">
          <reporter-output>
          </reporter-output>
        </test-method> <!-- Testing1 -->
      </class> <!-- streamss.Matching -->
    </test> <!-- Default test -->
  </suite> <!-- Default suite -->
</testng-results>
